This file contains any messages produced by compilers while
running configure, to aid debugging if configure makes a mistake.

It was created by configure, which was
generated by GNU Autoconf 2.61.  Invocation command line was

  $ ./configure 

## --------- ##
## Platform. ##
## --------- ##

hostname = cs
uname -m = x86_64
uname -r = 3.8.12-100.fc17.x86_64
uname -s = Linux
uname -v = #1 SMP Wed May 8 15:36:14 UTC 2013

/usr/bin/uname -p = x86_64
/bin/uname -X     = unknown

/bin/arch              = x86_64
/usr/bin/arch -k       = unknown
/usr/convex/getsysinfo = unknown
/usr/bin/hostinfo      = unknown
/bin/machine           = unknown
/usr/bin/oslevel       = unknown
/bin/universe          = unknown

PATH: /usr/local/texlive/2012/bin/x86_64-linux
PATH: /usr/java/jdk1.7.0_09/bin
PATH: /usr/local/apache-ant-1.8.3/bin
PATH: /opt/hadoop-1.0.3/bin
PATH: /usr/java/jdk1.7.0_09/bin
PATH: /usr/local/apache-ant-1.8.3/bin
PATH: /opt/hadoop-1.0.4/bin
PATH: /usr/lib64/qt-3.3/bin
PATH: /usr/local/texlive/2012/bin/x86_64-linux
PATH: /usr/local/bin
PATH: /usr/bin
PATH: /bin
PATH: /usr/local/sbin
PATH: /usr/sbin
PATH: /opt/gcc-trunk/bin
PATH: .
PATH: /home/cs/.local/bin
PATH: /home/cs/bin
PATH: /opt/gcc-trunk/bin
PATH: .


## ----------- ##
## Core tests. ##
## ----------- ##

configure:1763: checking build system type
configure:1781: result: x86_64-unknown-linux-gnu
configure:1803: checking host system type
configure:1818: result: x86_64-unknown-linux-gnu
configure:1896: checking for gcc
configure:1912: found /usr/bin/gcc
configure:1923: result: gcc
configure:2161: checking for C compiler version
configure:2168: gcc --version >&5
gcc (GCC) 4.7.2 20120921 (Red Hat 4.7.2-2)
Copyright (C) 2012 Free Software Foundation, Inc.
This is free software; see the source for copying conditions.  There is NO
warranty; not even for MERCHANTABILITY or FITNESS FOR A PARTICULAR PURPOSE.

configure:2171: $? = 0
configure:2178: gcc -v >&5
Using built-in specs.
COLLECT_GCC=gcc
COLLECT_LTO_WRAPPER=/usr/libexec/gcc/x86_64-redhat-linux/4.7.2/lto-wrapper
Target: x86_64-redhat-linux
Configured with: ../configure --prefix=/usr --mandir=/usr/share/man --infodir=/usr/share/info --with-bugurl=http://bugzilla.redhat.com/bugzilla --enable-bootstrap --enable-shared --enable-threads=posix --enable-checking=release --disable-build-with-cxx --disable-build-poststage1-with-cxx --with-system-zlib --enable-__cxa_atexit --disable-libunwind-exceptions --enable-gnu-unique-object --enable-linker-build-id --with-linker-hash-style=gnu --enable-languages=c,c++,objc,obj-c++,java,fortran,ada,go,lto --enable-plugin --enable-initfini-array --enable-java-awt=gtk --disable-dssi --with-java-home=/usr/lib/jvm/java-1.5.0-gcj-1.5.0.0/jre --enable-libgcj-multifile --enable-java-maintainer-mode --with-ecj-jar=/usr/share/java/eclipse-ecj.jar --disable-libjava-multilib --with-ppl --with-cloog --with-tune=generic --with-arch_32=i686 --build=x86_64-redhat-linux
Thread model: posix
gcc version 4.7.2 20120921 (Red Hat 4.7.2-2) (GCC) 
configure:2181: $? = 0
configure:2188: gcc --version >&5
gcc (GCC) 4.7.2 20120921 (Red Hat 4.7.2-2)
Copyright (C) 2012 Free Software Foundation, Inc.
This is free software; see the source for copying conditions.  There is NO
warranty; not even for MERCHANTABILITY or FITNESS FOR A PARTICULAR PURPOSE.

configure:2191: $? = 0
configure:2214: checking for C compiler default output file name
configure:2241: gcc    conftest.c  >&5
configure:2244: $? = 0
configure:2282: result: a.out
configure:2299: checking whether the C compiler works
configure:2309: ./a.out
configure:2312: $? = 0
configure:2329: result: yes
configure:2336: checking whether we are cross compiling
configure:2338: result: no
configure:2341: checking for suffix of executables
configure:2348: gcc -o conftest    conftest.c  >&5
configure:2351: $? = 0
configure:2375: result: 
configure:2381: checking for suffix of object files
configure:2407: gcc -c   conftest.c >&5
configure:2410: $? = 0
configure:2433: result: o
configure:2437: checking whether we are using the GNU C compiler
configure:2466: gcc -c   conftest.c >&5
configure:2472: $? = 0
configure:2489: result: yes
configure:2494: checking whether gcc accepts -g
configure:2524: gcc -c -g  conftest.c >&5
configure:2530: $? = 0
configure:2629: result: yes
configure:2646: checking for gcc option to accept ISO C89
configure:2720: gcc  -c -g -O2  conftest.c >&5
configure:2726: $? = 0
configure:2749: result: none needed
configure:2825: checking for g++
configure:2841: found /usr/bin/g++
configure:2852: result: g++
configure:2883: checking for C++ compiler version
configure:2890: g++ --version >&5
g++ (GCC) 4.7.2 20120921 (Red Hat 4.7.2-2)
Copyright (C) 2012 Free Software Foundation, Inc.
This is free software; see the source for copying conditions.  There is NO
warranty; not even for MERCHANTABILITY or FITNESS FOR A PARTICULAR PURPOSE.

configure:2893: $? = 0
configure:2900: g++ --version >&5
g++ (GCC) 4.7.2 20120921 (Red Hat 4.7.2-2)
Copyright (C) 2012 Free Software Foundation, Inc.
This is free software; see the source for copying conditions.  There is NO
warranty; not even for MERCHANTABILITY or FITNESS FOR A PARTICULAR PURPOSE.

configure:2903: $? = 0
configure:2910: g++ --version >&5
g++ (GCC) 4.7.2 20120921 (Red Hat 4.7.2-2)
Copyright (C) 2012 Free Software Foundation, Inc.
This is free software; see the source for copying conditions.  There is NO
warranty; not even for MERCHANTABILITY or FITNESS FOR A PARTICULAR PURPOSE.

configure:2913: $? = 0
configure:2916: checking whether we are using the GNU C++ compiler
configure:2945: g++ -c   conftest.cpp >&5
configure:2951: $? = 0
configure:2968: result: yes
configure:2973: checking whether g++ accepts -g
configure:3003: g++ -c -g  conftest.cpp >&5
configure:3009: $? = 0
configure:3108: result: yes
configure:3184: checking for gfortran
configure:3200: found /usr/bin/gfortran
configure:3211: result: gfortran
configure:3241: checking for Fortran compiler version
configure:3248: gfortran --version >&5
GNU Fortran (GCC) 4.7.2 20120921 (Red Hat 4.7.2-2)
Copyright (C) 2012 Free Software Foundation, Inc.

GNU Fortran comes with NO WARRANTY, to the extent permitted by law.
You may redistribute copies of GNU Fortran
under the terms of the GNU General Public License.
For more information about these matters, see the file named COPYING

configure:3251: $? = 0
configure:3258: gfortran --version >&5
GNU Fortran (GCC) 4.7.2 20120921 (Red Hat 4.7.2-2)
Copyright (C) 2012 Free Software Foundation, Inc.

GNU Fortran comes with NO WARRANTY, to the extent permitted by law.
You may redistribute copies of GNU Fortran
under the terms of the GNU General Public License.
For more information about these matters, see the file named COPYING

configure:3261: $? = 0
configure:3268: gfortran --version >&5
GNU Fortran (GCC) 4.7.2 20120921 (Red Hat 4.7.2-2)
Copyright (C) 2012 Free Software Foundation, Inc.

GNU Fortran comes with NO WARRANTY, to the extent permitted by law.
You may redistribute copies of GNU Fortran
under the terms of the GNU General Public License.
For more information about these matters, see the file named COPYING

configure:3271: $? = 0
configure:3279: checking whether we are using the GNU Fortran compiler
configure:3298: gfortran -c   conftest.F >&5
configure:3304: $? = 0
configure:3321: result: yes
configure:3327: checking whether gfortran accepts -g
configure:3344: gfortran -c -g  conftest.f >&5
configure:3350: $? = 0
configure:3366: result: yes
configure:3395: checking how to get verbose linking output from gfortran
configure:3411: gfortran -c -g -O2  conftest.f >&5
configure:3417: $? = 0
configure:3439: gfortran -o conftest -g -O2 -v conftest.f
Using built-in specs.
COLLECT_GCC=gfortran
COLLECT_LTO_WRAPPER=/usr/libexec/gcc/x86_64-redhat-linux/4.7.2/lto-wrapper
Target: x86_64-redhat-linux
Configured with: ../configure --prefix=/usr --mandir=/usr/share/man --infodir=/usr/share/info --with-bugurl=http://bugzilla.redhat.com/bugzilla --enable-bootstrap --enable-shared --enable-threads=posix --enable-checking=release --disable-build-with-cxx --disable-build-poststage1-with-cxx --with-system-zlib --enable-__cxa_atexit --disable-libunwind-exceptions --enable-gnu-unique-object --enable-linker-build-id --with-linker-hash-style=gnu --enable-languages=c,c++,objc,obj-c++,java,fortran,ada,go,lto --enable-plugin --enable-initfini-array --enable-java-awt=gtk --disable-dssi --with-java-home=/usr/lib/jvm/java-1.5.0-gcj-1.5.0.0/jre --enable-libgcj-multifile --enable-java-maintainer-mode --with-ecj-jar=/usr/share/java/eclipse-ecj.jar --disable-libjava-multilib --with-ppl --with-cloog --with-tune=generic --with-arch_32=i686 --build=x86_64-redhat-linux
Thread model: posix
gcc version 4.7.2 20120921 (Red Hat 4.7.2-2) (GCC) 
COLLECT_GCC_OPTIONS='-o' 'conftest' '-g' '-O2' '-v' '-shared-libgcc' '-mtune=generic' '-march=x86-64'
 /usr/libexec/gcc/x86_64-redhat-linux/4.7.2/f951 conftest.f -ffixed-form -quiet -dumpbase conftest.f -mtune=generic -march=x86-64 -auxbase conftest -g -O2 -version -fintrinsic-modules-path /usr/lib/gcc/x86_64-redhat-linux/4.7.2/finclude -o /tmp/ccjMgLHi.s
GNU Fortran (GCC) version 4.7.2 20120921 (Red Hat 4.7.2-2) (x86_64-redhat-linux)
	compiled by GNU C version 4.7.2 20120921 (Red Hat 4.7.2-2), GMP version 5.0.2, MPFR version 3.1.0, MPC version 0.9
GGC heuristics: --param ggc-min-expand=100 --param ggc-min-heapsize=131072
GNU Fortran (GCC) version 4.7.2 20120921 (Red Hat 4.7.2-2) (x86_64-redhat-linux)
	compiled by GNU C version 4.7.2 20120921 (Red Hat 4.7.2-2), GMP version 5.0.2, MPFR version 3.1.0, MPC version 0.9
GGC heuristics: --param ggc-min-expand=100 --param ggc-min-heapsize=131072
COLLECT_GCC_OPTIONS='-o' 'conftest' '-g' '-O2' '-v' '-shared-libgcc' '-mtune=generic' '-march=x86-64'
 as -v --64 -o /tmp/cc3TSHib.o /tmp/ccjMgLHi.s
GNU assembler version 2.22.52.0.1 (x86_64-redhat-linux) using BFD version version 2.22.52.0.1-10.fc17 20120131
Reading specs from /usr/lib/gcc/x86_64-redhat-linux/4.7.2/libgfortran.spec
rename spec lib to liborig
COLLECT_GCC_OPTIONS='-o' 'conftest' '-g' '-O2' '-v' '-shared-libgcc' '-mtune=generic' '-march=x86-64'
COMPILER_PATH=/usr/libexec/gcc/x86_64-redhat-linux/4.7.2/:/usr/libexec/gcc/x86_64-redhat-linux/4.7.2/:/usr/libexec/gcc/x86_64-redhat-linux/:/usr/lib/gcc/x86_64-redhat-linux/4.7.2/:/usr/lib/gcc/x86_64-redhat-linux/
LIBRARY_PATH=/usr/lib/gcc/x86_64-redhat-linux/4.7.2/:/usr/lib/gcc/x86_64-redhat-linux/4.7.2/../../../../lib64/:/lib/../lib64/:/usr/lib/../lib64/:/usr/lib/gcc/x86_64-redhat-linux/4.7.2/../../../:/lib/:/usr/lib/
COLLECT_GCC_OPTIONS='-o' 'conftest' '-g' '-O2' '-v' '-shared-libgcc' '-mtune=generic' '-march=x86-64'
 /usr/libexec/gcc/x86_64-redhat-linux/4.7.2/collect2 --build-id --no-add-needed --eh-frame-hdr --hash-style=gnu -m elf_x86_64 -dynamic-linker /lib64/ld-linux-x86-64.so.2 -o conftest /usr/lib/gcc/x86_64-redhat-linux/4.7.2/../../../../lib64/crt1.o /usr/lib/gcc/x86_64-redhat-linux/4.7.2/../../../../lib64/crti.o /usr/lib/gcc/x86_64-redhat-linux/4.7.2/crtbegin.o -L/usr/lib/gcc/x86_64-redhat-linux/4.7.2 -L/usr/lib/gcc/x86_64-redhat-linux/4.7.2/../../../../lib64 -L/lib/../lib64 -L/usr/lib/../lib64 -L/usr/lib/gcc/x86_64-redhat-linux/4.7.2/../../.. /tmp/cc3TSHib.o -lgfortran -lm -lgcc_s -lgcc -lquadmath -lm -lgcc_s -lgcc -lc -lgcc_s -lgcc /usr/lib/gcc/x86_64-redhat-linux/4.7.2/crtend.o /usr/lib/gcc/x86_64-redhat-linux/4.7.2/../../../../lib64/crtn.o
configure:3505: result: -v
configure:3507: checking for Fortran libraries of gfortran
configure:3530: gfortran -o conftest -g -O2 -v conftest.f
Using built-in specs.
COLLECT_GCC=gfortran
COLLECT_LTO_WRAPPER=/usr/libexec/gcc/x86_64-redhat-linux/4.7.2/lto-wrapper
Target: x86_64-redhat-linux
Configured with: ../configure --prefix=/usr --mandir=/usr/share/man --infodir=/usr/share/info --with-bugurl=http://bugzilla.redhat.com/bugzilla --enable-bootstrap --enable-shared --enable-threads=posix --enable-checking=release --disable-build-with-cxx --disable-build-poststage1-with-cxx --with-system-zlib --enable-__cxa_atexit --disable-libunwind-exceptions --enable-gnu-unique-object --enable-linker-build-id --with-linker-hash-style=gnu --enable-languages=c,c++,objc,obj-c++,java,fortran,ada,go,lto --enable-plugin --enable-initfini-array --enable-java-awt=gtk --disable-dssi --with-java-home=/usr/lib/jvm/java-1.5.0-gcj-1.5.0.0/jre --enable-libgcj-multifile --enable-java-maintainer-mode --with-ecj-jar=/usr/share/java/eclipse-ecj.jar --disable-libjava-multilib --with-ppl --with-cloog --with-tune=generic --with-arch_32=i686 --build=x86_64-redhat-linux
Thread model: posix
gcc version 4.7.2 20120921 (Red Hat 4.7.2-2) (GCC) 
COLLECT_GCC_OPTIONS='-o' 'conftest' '-g' '-O2' '-v' '-shared-libgcc' '-mtune=generic' '-march=x86-64'
 /usr/libexec/gcc/x86_64-redhat-linux/4.7.2/f951 conftest.f -ffixed-form -quiet -dumpbase conftest.f -mtune=generic -march=x86-64 -auxbase conftest -g -O2 -version -fintrinsic-modules-path /usr/lib/gcc/x86_64-redhat-linux/4.7.2/finclude -o /tmp/ccUlNBns.s
GNU Fortran (GCC) version 4.7.2 20120921 (Red Hat 4.7.2-2) (x86_64-redhat-linux)
	compiled by GNU C version 4.7.2 20120921 (Red Hat 4.7.2-2), GMP version 5.0.2, MPFR version 3.1.0, MPC version 0.9
GGC heuristics: --param ggc-min-expand=100 --param ggc-min-heapsize=131072
GNU Fortran (GCC) version 4.7.2 20120921 (Red Hat 4.7.2-2) (x86_64-redhat-linux)
	compiled by GNU C version 4.7.2 20120921 (Red Hat 4.7.2-2), GMP version 5.0.2, MPFR version 3.1.0, MPC version 0.9
GGC heuristics: --param ggc-min-expand=100 --param ggc-min-heapsize=131072
COLLECT_GCC_OPTIONS='-o' 'conftest' '-g' '-O2' '-v' '-shared-libgcc' '-mtune=generic' '-march=x86-64'
 as -v --64 -o /tmp/ccx8Hvtl.o /tmp/ccUlNBns.s
GNU assembler version 2.22.52.0.1 (x86_64-redhat-linux) using BFD version version 2.22.52.0.1-10.fc17 20120131
Reading specs from /usr/lib/gcc/x86_64-redhat-linux/4.7.2/libgfortran.spec
rename spec lib to liborig
COLLECT_GCC_OPTIONS='-o' 'conftest' '-g' '-O2' '-v' '-shared-libgcc' '-mtune=generic' '-march=x86-64'
COMPILER_PATH=/usr/libexec/gcc/x86_64-redhat-linux/4.7.2/:/usr/libexec/gcc/x86_64-redhat-linux/4.7.2/:/usr/libexec/gcc/x86_64-redhat-linux/:/usr/lib/gcc/x86_64-redhat-linux/4.7.2/:/usr/lib/gcc/x86_64-redhat-linux/
LIBRARY_PATH=/usr/lib/gcc/x86_64-redhat-linux/4.7.2/:/usr/lib/gcc/x86_64-redhat-linux/4.7.2/../../../../lib64/:/lib/../lib64/:/usr/lib/../lib64/:/usr/lib/gcc/x86_64-redhat-linux/4.7.2/../../../:/lib/:/usr/lib/
COLLECT_GCC_OPTIONS='-o' 'conftest' '-g' '-O2' '-v' '-shared-libgcc' '-mtune=generic' '-march=x86-64'
 /usr/libexec/gcc/x86_64-redhat-linux/4.7.2/collect2 --build-id --no-add-needed --eh-frame-hdr --hash-style=gnu -m elf_x86_64 -dynamic-linker /lib64/ld-linux-x86-64.so.2 -o conftest /usr/lib/gcc/x86_64-redhat-linux/4.7.2/../../../../lib64/crt1.o /usr/lib/gcc/x86_64-redhat-linux/4.7.2/../../../../lib64/crti.o /usr/lib/gcc/x86_64-redhat-linux/4.7.2/crtbegin.o -L/usr/lib/gcc/x86_64-redhat-linux/4.7.2 -L/usr/lib/gcc/x86_64-redhat-linux/4.7.2/../../../../lib64 -L/lib/../lib64 -L/usr/lib/../lib64 -L/usr/lib/gcc/x86_64-redhat-linux/4.7.2/../../.. /tmp/ccx8Hvtl.o -lgfortran -lm -lgcc_s -lgcc -lquadmath -lm -lgcc_s -lgcc -lc -lgcc_s -lgcc /usr/lib/gcc/x86_64-redhat-linux/4.7.2/crtend.o /usr/lib/gcc/x86_64-redhat-linux/4.7.2/../../../../lib64/crtn.o
configure:3704: result:  -L/usr/lib/gcc/x86_64-redhat-linux/4.7.2 -L/usr/lib/gcc/x86_64-redhat-linux/4.7.2/../../../../lib64 -L/lib/../lib64 -L/usr/lib/../lib64 -L/usr/lib/gcc/x86_64-redhat-linux/4.7.2/../../.. -lgfortran -lm -lquadmath
configure:3734: checking how to run the C++ preprocessor
configure:3770: g++ -E  conftest.cpp
configure:3776: $? = 0
configure:3807: g++ -E  conftest.cpp
conftest.cpp:10:28: fatal error: ac_nonexistent.h: No such file or directory
compilation terminated.
configure:3813: $? = 1
configure: failed program was:
| /* confdefs.h.  */
| #define PACKAGE_NAME ""
| #define PACKAGE_TARNAME ""
| #define PACKAGE_VERSION ""
| #define PACKAGE_STRING ""
| #define PACKAGE_BUGREPORT ""
| #define CMDLINE_PARSER_VERSION "version-devel"
| #define HAVE_FORTRAN 1
| /* end confdefs.h.  */
| #include <ac_nonexistent.h>
configure:3846: result: g++ -E
configure:3875: g++ -E  conftest.cpp
configure:3881: $? = 0
configure:3912: g++ -E  conftest.cpp
conftest.cpp:10:28: fatal error: ac_nonexistent.h: No such file or directory
compilation terminated.
configure:3918: $? = 1
configure: failed program was:
| /* confdefs.h.  */
| #define PACKAGE_NAME ""
| #define PACKAGE_TARNAME ""
| #define PACKAGE_VERSION ""
| #define PACKAGE_STRING ""
| #define PACKAGE_BUGREPORT ""
| #define CMDLINE_PARSER_VERSION "version-devel"
| #define HAVE_FORTRAN 1
| /* end confdefs.h.  */
| #include <ac_nonexistent.h>
configure:3956: checking for grep that handles long lines and -e
configure:4030: result: /usr/bin/grep
configure:4035: checking for egrep
configure:4113: result: /usr/bin/grep -E
configure:4118: checking for ANSI C header files
configure:4148: g++ -c -g -O2  conftest.cpp >&5
configure:4154: $? = 0
configure:4253: g++ -o conftest -g -O2   conftest.cpp  >&5
configure:4256: $? = 0
configure:4262: ./conftest
configure:4265: $? = 0
configure:4282: result: yes
configure:4306: checking for sys/types.h
configure:4327: g++ -c -g -O2  conftest.cpp >&5
configure:4333: $? = 0
configure:4349: result: yes
configure:4306: checking for sys/stat.h
configure:4327: g++ -c -g -O2  conftest.cpp >&5
configure:4333: $? = 0
configure:4349: result: yes
configure:4306: checking for stdlib.h
configure:4327: g++ -c -g -O2  conftest.cpp >&5
configure:4333: $? = 0
configure:4349: result: yes
configure:4306: checking for string.h
configure:4327: g++ -c -g -O2  conftest.cpp >&5
configure:4333: $? = 0
configure:4349: result: yes
configure:4306: checking for memory.h
configure:4327: g++ -c -g -O2  conftest.cpp >&5
configure:4333: $? = 0
configure:4349: result: yes
configure:4306: checking for strings.h
configure:4327: g++ -c -g -O2  conftest.cpp >&5
configure:4333: $? = 0
configure:4349: result: yes
configure:4306: checking for inttypes.h
configure:4327: g++ -c -g -O2  conftest.cpp >&5
configure:4333: $? = 0
configure:4349: result: yes
configure:4306: checking for stdint.h
configure:4327: g++ -c -g -O2  conftest.cpp >&5
configure:4333: $? = 0
configure:4349: result: yes
configure:4306: checking for unistd.h
configure:4327: g++ -c -g -O2  conftest.cpp >&5
configure:4333: $? = 0
configure:4349: result: yes
configure:4361: checking whether byte ordering is bigendian
configure:4394: g++ -c -g -O2  conftest.cpp >&5
configure:4400: $? = 0
configure:4432: g++ -c -g -O2  conftest.cpp >&5
conftest.cpp: In function 'int main()':
conftest.cpp:27:6: error: 'big' was not declared in this scope
conftest.cpp:27:10: error: expected ';' before 'endian'
configure:4438: $? = 1
configure: failed program was:
| /* confdefs.h.  */
| #define PACKAGE_NAME ""
| #define PACKAGE_TARNAME ""
| #define PACKAGE_VERSION ""
| #define PACKAGE_STRING ""
| #define PACKAGE_BUGREPORT ""
| #define CMDLINE_PARSER_VERSION "version-devel"
| #define HAVE_FORTRAN 1
| #define STDC_HEADERS 1
| #define HAVE_SYS_TYPES_H 1
| #define HAVE_SYS_STAT_H 1
| #define HAVE_STDLIB_H 1
| #define HAVE_STRING_H 1
| #define HAVE_MEMORY_H 1
| #define HAVE_STRINGS_H 1
| #define HAVE_INTTYPES_H 1
| #define HAVE_STDINT_H 1
| #define HAVE_UNISTD_H 1
| /* end confdefs.h.  */
| #include <sys/types.h>
| #include <sys/param.h>
| 
| int
| main ()
| {
| #if BYTE_ORDER != BIG_ENDIAN
|  not big endian
| #endif
| 
|   ;
|   return 0;
| }
configure:4578: result: no
configure:4640: checking for pwd
configure:4658: found /usr/bin/pwd
configure:4671: result: /usr/bin/pwd
configure:4689: checking for ccdv
configure:5170: result: /home/cs/nlp/maxent-master/ccdv
configure:5197: checking ieeefp.h usability
configure:5214: g++ -c -g -O2  conftest.cpp >&5
conftest.cpp:53:20: fatal error: ieeefp.h: No such file or directory
compilation terminated.
configure:5220: $? = 1
configure: failed program was:
| /* confdefs.h.  */
| #define PACKAGE_NAME ""
| #define PACKAGE_TARNAME ""
| #define PACKAGE_VERSION ""
| #define PACKAGE_STRING ""
| #define PACKAGE_BUGREPORT ""
| #define CMDLINE_PARSER_VERSION "version-devel"
| #define HAVE_FORTRAN 1
| #define STDC_HEADERS 1
| #define HAVE_SYS_TYPES_H 1
| #define HAVE_SYS_STAT_H 1
| #define HAVE_STDLIB_H 1
| #define HAVE_STRING_H 1
| #define HAVE_MEMORY_H 1
| #define HAVE_STRINGS_H 1
| #define HAVE_INTTYPES_H 1
| #define HAVE_STDINT_H 1
| #define HAVE_UNISTD_H 1
| /* end confdefs.h.  */
| #include <stdio.h>
| #ifdef HAVE_SYS_TYPES_H
| # include <sys/types.h>
| #endif
| #ifdef HAVE_SYS_STAT_H
| # include <sys/stat.h>
| #endif
| #ifdef STDC_HEADERS
| # include <stdlib.h>
| # include <stddef.h>
| #else
| # ifdef HAVE_STDLIB_H
| #  include <stdlib.h>
| # endif
| #endif
| #ifdef HAVE_STRING_H
| # if !defined STDC_HEADERS && defined HAVE_MEMORY_H
| #  include <memory.h>
| # endif
| # include <string.h>
| #endif
| #ifdef HAVE_STRINGS_H
| # include <strings.h>
| #endif
| #ifdef HAVE_INTTYPES_H
| # include <inttypes.h>
| #endif
| #ifdef HAVE_STDINT_H
| # include <stdint.h>
| #endif
| #ifdef HAVE_UNISTD_H
| # include <unistd.h>
| #endif
| #include <ieeefp.h>
configure:5234: result: no
configure:5238: checking ieeefp.h presence
configure:5253: g++ -E  conftest.cpp
conftest.cpp:20:20: fatal error: ieeefp.h: No such file or directory
compilation terminated.
configure:5259: $? = 1
configure: failed program was:
| /* confdefs.h.  */
| #define PACKAGE_NAME ""
| #define PACKAGE_TARNAME ""
| #define PACKAGE_VERSION ""
| #define PACKAGE_STRING ""
| #define PACKAGE_BUGREPORT ""
| #define CMDLINE_PARSER_VERSION "version-devel"
| #define HAVE_FORTRAN 1
| #define STDC_HEADERS 1
| #define HAVE_SYS_TYPES_H 1
| #define HAVE_SYS_STAT_H 1
| #define HAVE_STDLIB_H 1
| #define HAVE_STRING_H 1
| #define HAVE_MEMORY_H 1
| #define HAVE_STRINGS_H 1
| #define HAVE_INTTYPES_H 1
| #define HAVE_STDINT_H 1
| #define HAVE_UNISTD_H 1
| /* end confdefs.h.  */
| #include <ieeefp.h>
configure:5273: result: no
configure:5301: checking for ieeefp.h
configure:5309: result: no
configure:5331: checking boost/config.hpp usability
configure:5348: g++ -c -g -O2  conftest.cpp >&5
conftest.cpp:53:28: fatal error: boost/config.hpp: No such file or directory
compilation terminated.
configure:5354: $? = 1
configure: failed program was:
| /* confdefs.h.  */
| #define PACKAGE_NAME ""
| #define PACKAGE_TARNAME ""
| #define PACKAGE_VERSION ""
| #define PACKAGE_STRING ""
| #define PACKAGE_BUGREPORT ""
| #define CMDLINE_PARSER_VERSION "version-devel"
| #define HAVE_FORTRAN 1
| #define STDC_HEADERS 1
| #define HAVE_SYS_TYPES_H 1
| #define HAVE_SYS_STAT_H 1
| #define HAVE_STDLIB_H 1
| #define HAVE_STRING_H 1
| #define HAVE_MEMORY_H 1
| #define HAVE_STRINGS_H 1
| #define HAVE_INTTYPES_H 1
| #define HAVE_STDINT_H 1
| #define HAVE_UNISTD_H 1
| /* end confdefs.h.  */
| #include <stdio.h>
| #ifdef HAVE_SYS_TYPES_H
| # include <sys/types.h>
| #endif
| #ifdef HAVE_SYS_STAT_H
| # include <sys/stat.h>
| #endif
| #ifdef STDC_HEADERS
| # include <stdlib.h>
| # include <stddef.h>
| #else
| # ifdef HAVE_STDLIB_H
| #  include <stdlib.h>
| # endif
| #endif
| #ifdef HAVE_STRING_H
| # if !defined STDC_HEADERS && defined HAVE_MEMORY_H
| #  include <memory.h>
| # endif
| # include <string.h>
| #endif
| #ifdef HAVE_STRINGS_H
| # include <strings.h>
| #endif
| #ifdef HAVE_INTTYPES_H
| # include <inttypes.h>
| #endif
| #ifdef HAVE_STDINT_H
| # include <stdint.h>
| #endif
| #ifdef HAVE_UNISTD_H
| # include <unistd.h>
| #endif
| #include <boost/config.hpp>
configure:5368: result: no
configure:5372: checking boost/config.hpp presence
configure:5387: g++ -E  conftest.cpp
conftest.cpp:20:28: fatal error: boost/config.hpp: No such file or directory
compilation terminated.
configure:5393: $? = 1
configure: failed program was:
| /* confdefs.h.  */
| #define PACKAGE_NAME ""
| #define PACKAGE_TARNAME ""
| #define PACKAGE_VERSION ""
| #define PACKAGE_STRING ""
| #define PACKAGE_BUGREPORT ""
| #define CMDLINE_PARSER_VERSION "version-devel"
| #define HAVE_FORTRAN 1
| #define STDC_HEADERS 1
| #define HAVE_SYS_TYPES_H 1
| #define HAVE_SYS_STAT_H 1
| #define HAVE_STDLIB_H 1
| #define HAVE_STRING_H 1
| #define HAVE_MEMORY_H 1
| #define HAVE_STRINGS_H 1
| #define HAVE_INTTYPES_H 1
| #define HAVE_STDINT_H 1
| #define HAVE_UNISTD_H 1
| /* end confdefs.h.  */
| #include <boost/config.hpp>
configure:5407: result: no
configure:5435: checking for boost/config.hpp
configure:5442: result: no
configure:5460: checking for gettimeofday
configure:5516: g++ -o conftest -g -O2   conftest.cpp  >&5
configure:5522: $? = 0
configure:5540: result: yes
configure:5460: checking for getopt_long
configure:5516: g++ -o conftest -g -O2   conftest.cpp  >&5
configure:5522: $? = 0
configure:5540: result: yes
configure:5557: checking for stdlib.h
configure:5563: result: yes
configure:5557: checking for unistd.h
configure:5563: result: yes
configure:5696: checking for getpagesize
configure:5752: g++ -o conftest -g -O2   conftest.cpp  >&5
configure:5758: $? = 0
configure:5776: result: yes
configure:5786: checking for working mmap
configure:5933: g++ -o conftest -g -O2   conftest.cpp  >&5
configure:5936: $? = 0
configure:5942: ./conftest
configure:5945: $? = 0
configure:5961: result: yes
configure:5973: checking for main in -lm
configure:6002: g++ -o conftest -g -O2   conftest.cpp -lm   >&5
configure:6008: $? = 0
configure:6026: result: yes
configure:6038: checking for getopt in -lgnugetopt
configure:6073: g++ -o conftest -g -O2   conftest.cpp -lgnugetopt  -lm  >&5
/usr/bin/ld: cannot find -lgnugetopt
collect2: error: ld returned 1 exit status
configure:6079: $? = 1
configure: failed program was:
| /* confdefs.h.  */
| #define PACKAGE_NAME ""
| #define PACKAGE_TARNAME ""
| #define PACKAGE_VERSION ""
| #define PACKAGE_STRING ""
| #define PACKAGE_BUGREPORT ""
| #define CMDLINE_PARSER_VERSION "version-devel"
| #define HAVE_FORTRAN 1
| #define STDC_HEADERS 1
| #define HAVE_SYS_TYPES_H 1
| #define HAVE_SYS_STAT_H 1
| #define HAVE_STDLIB_H 1
| #define HAVE_STRING_H 1
| #define HAVE_MEMORY_H 1
| #define HAVE_STRINGS_H 1
| #define HAVE_INTTYPES_H 1
| #define HAVE_STDINT_H 1
| #define HAVE_UNISTD_H 1
| #define HAVE_GETTIMEOFDAY 1
| #define HAVE_GETOPT_LONG 1
| #define HAVE_STDLIB_H 1
| #define HAVE_UNISTD_H 1
| #define HAVE_GETPAGESIZE 1
| #define HAVE_MMAP 1
| #define HAVE_LIBM 1
| /* end confdefs.h.  */
| 
| /* Override any GCC internal prototype to avoid an error.
|    Use char because int might match the return type of a GCC
|    builtin and then its argument prototype would still apply.  */
| #ifdef __cplusplus
| extern "C"
| #endif
| char getopt ();
| int
| main ()
| {
| return getopt ();
|   ;
|   return 0;
| }
configure:6097: result: no
configure:6109: checking for main in -lz
configure:6138: g++ -o conftest -g -O2   conftest.cpp -lz  -lm  >&5
configure:6144: $? = 0
configure:6162: result: yes
configure:6334: creating ./config.status

## ---------------------- ##
## Running config.status. ##
## ---------------------- ##

This file was extended by config.status, which was
generated by GNU Autoconf 2.61.  Invocation command line was

  CONFIG_FILES    = 
  CONFIG_HEADERS  = 
  CONFIG_LINKS    = 
  CONFIG_COMMANDS = 
  $ ./config.status 

on cs

config.status:615: creating Jamrules
config.status:615: creating python/setup.py
config.status:615: creating config.h
config.status:838: config.h is unchanged

## ---------------- ##
## Cache variables. ##
## ---------------- ##

ac_cv_build=x86_64-unknown-linux-gnu
ac_cv_c_bigendian=no
ac_cv_c_compiler_gnu=yes
ac_cv_cxx_compiler_gnu=yes
ac_cv_env_CCC_set=
ac_cv_env_CCC_value=
ac_cv_env_CC_set=
ac_cv_env_CC_value=
ac_cv_env_CFLAGS_set=
ac_cv_env_CFLAGS_value=
ac_cv_env_CPPFLAGS_set=
ac_cv_env_CPPFLAGS_value=
ac_cv_env_CXXCPP_set=
ac_cv_env_CXXCPP_value=
ac_cv_env_CXXFLAGS_set=
ac_cv_env_CXXFLAGS_value=
ac_cv_env_CXX_set=
ac_cv_env_CXX_value=
ac_cv_env_FCFLAGS_set=
ac_cv_env_FCFLAGS_value=
ac_cv_env_FC_set=
ac_cv_env_FC_value=
ac_cv_env_LDFLAGS_set=
ac_cv_env_LDFLAGS_value=
ac_cv_env_LIBS_set=
ac_cv_env_LIBS_value=
ac_cv_env_build_alias_set=
ac_cv_env_build_alias_value=
ac_cv_env_host_alias_set=
ac_cv_env_host_alias_value=
ac_cv_env_target_alias_set=
ac_cv_env_target_alias_value=
ac_cv_fc_compiler_gnu=yes
ac_cv_fc_libs=' -L/usr/lib/gcc/x86_64-redhat-linux/4.7.2 -L/usr/lib/gcc/x86_64-redhat-linux/4.7.2/../../../../lib64 -L/lib/../lib64 -L/usr/lib/../lib64 -L/usr/lib/gcc/x86_64-redhat-linux/4.7.2/../../.. -lgfortran -lm -lquadmath'
ac_cv_func_getopt_long=yes
ac_cv_func_getpagesize=yes
ac_cv_func_gettimeofday=yes
ac_cv_func_mmap_fixed_mapped=yes
ac_cv_header_boost_config_hpp=no
ac_cv_header_ieeefp_h=no
ac_cv_header_inttypes_h=yes
ac_cv_header_memory_h=yes
ac_cv_header_stdc=yes
ac_cv_header_stdint_h=yes
ac_cv_header_stdlib_h=yes
ac_cv_header_string_h=yes
ac_cv_header_strings_h=yes
ac_cv_header_sys_stat_h=yes
ac_cv_header_sys_types_h=yes
ac_cv_header_unistd_h=yes
ac_cv_host=x86_64-unknown-linux-gnu
ac_cv_lib_gnugetopt_getopt=no
ac_cv_lib_m_main=yes
ac_cv_lib_z_main=yes
ac_cv_objext=o
ac_cv_path_EGREP='/usr/bin/grep -E'
ac_cv_path_GREP=/usr/bin/grep
ac_cv_path_wi_PWD=/usr/bin/pwd
ac_cv_prog_CXXCPP='g++ -E'
ac_cv_prog_ac_ct_CC=gcc
ac_cv_prog_ac_ct_CXX=g++
ac_cv_prog_ac_ct_FC=gfortran
ac_cv_prog_cc_c89=
ac_cv_prog_cc_g=yes
ac_cv_prog_cxx_g=yes
ac_cv_prog_fc_g=yes
ac_cv_prog_fc_v=-v
wi_cv_path_ccdv=/home/cs/nlp/maxent-master/ccdv

## ----------------- ##
## Output variables. ##
## ----------------- ##

BOOST_LIB='$(TOP)/lib/'
CC='gcc'
CCDV='/home/cs/nlp/maxent-master/ccdv '
CFLAGS='-g -O2  -Wall -DNDEBUG -DHAVE_CONFIG_H -fPIC'
CPPFLAGS=''
CXX='g++'
CXXCPP='g++ -E'
CXXFLAGS='-g -O2  -Wall -DNDEBUG -DHAVE_CONFIG_H -fPIC'
DEFS='-DHAVE_CONFIG_H'
ECHO_C=''
ECHO_N='-n'
ECHO_T=''
EGREP='/usr/bin/grep -E'
EXEEXT=''
FC='gfortran'
FCFLAGS='-g -O2 -fPIC'
FCLIBS=' -L/usr/lib/gcc/x86_64-redhat-linux/4.7.2 -L/usr/lib/gcc/x86_64-redhat-linux/4.7.2/../../../../lib64 -L/lib/../lib64 -L/usr/lib/../lib64 -L/usr/lib/gcc/x86_64-redhat-linux/4.7.2/../../.. -lgfortran -lm -lquadmath'
GREP='/usr/bin/grep'
LDFLAGS=''
LIBOBJS=''
LIBS='-lz -lm '
LINK='g++ '
LTLIBOBJS=''
OBJEXT='o'
OPTIM='-O3'
PACKAGE_BUGREPORT=''
PACKAGE_NAME=''
PACKAGE_STRING=''
PACKAGE_TARNAME=''
PACKAGE_VERSION=''
PATH_SEPARATOR=':'
SHELL='/bin/sh'
TARGET_DIR='src/opt'
ac_ct_CC='gcc'
ac_ct_CXX='g++'
ac_ct_FC='gfortran'
ac_cv_func_getopt_long='yes'
ac_cv_lib_z_main='yes'
bindir='${exec_prefix}/bin'
build='x86_64-unknown-linux-gnu'
build_alias=''
build_cpu='x86_64'
build_os='linux-gnu'
build_vendor='unknown'
datadir='${datarootdir}'
datarootdir='${prefix}/share'
docdir='${datarootdir}/doc/${PACKAGE}'
dvidir='${docdir}'
exec_prefix='${prefix}'
host='x86_64-unknown-linux-gnu'
host_alias=''
host_cpu='x86_64'
host_os='linux-gnu'
host_vendor='unknown'
htmldir='${docdir}'
includedir='${prefix}/include'
infodir='${datarootdir}/info'
libdir='${exec_prefix}/lib'
libexecdir='${exec_prefix}/libexec'
localedir='${datarootdir}/locale'
localstatedir='${prefix}/var'
mandir='${datarootdir}/man'
oldincludedir='/usr/include'
pdfdir='${docdir}'
prefix='/usr/local'
program_transform_name='s,x,x,'
psdir='${docdir}'
sbindir='${exec_prefix}/sbin'
sharedstatedir='${prefix}/com'
sysconfdir='${prefix}/etc'
target_alias=''
wi_PWD='/usr/bin/pwd'

## ----------- ##
## confdefs.h. ##
## ----------- ##

#define PACKAGE_NAME ""
#define PACKAGE_TARNAME ""
#define PACKAGE_VERSION ""
#define PACKAGE_STRING ""
#define PACKAGE_BUGREPORT ""
#define CMDLINE_PARSER_VERSION "version-devel"
#define HAVE_FORTRAN 1
#define STDC_HEADERS 1
#define HAVE_SYS_TYPES_H 1
#define HAVE_SYS_STAT_H 1
#define HAVE_STDLIB_H 1
#define HAVE_STRING_H 1
#define HAVE_MEMORY_H 1
#define HAVE_STRINGS_H 1
#define HAVE_INTTYPES_H 1
#define HAVE_STDINT_H 1
#define HAVE_UNISTD_H 1
#define HAVE_GETTIMEOFDAY 1
#define HAVE_GETOPT_LONG 1
#define HAVE_STDLIB_H 1
#define HAVE_UNISTD_H 1
#define HAVE_GETPAGESIZE 1
#define HAVE_MMAP 1
#define HAVE_LIBM 1
#define HAVE_LIBZ 1

configure: exit 0
